TN:
SF:src/router.tsx
FN:5,(anonymous_0)
FNF:1
FNH:0
FNDA:0,(anonymous_0)
DA:5,0
DA:6,0
DA:8,0
DA:15,0
LF:4
LH:0
BRF:0
BRH:0
end_of_record
TN:
SF:src/server.ts
FN:12,getServerEntry
FN:15,(anonymous_1)
FN:23,normalizeCatastrophicSsrResponse
FN:41,fetch
FNF:4
FNH:0
FNDA:0,getServerEntry
FNDA:0,(anonymous_1)
FNDA:0,normalizeCatastrophicSsrResponse
FNDA:0,fetch
DA:13,0
DA:14,0
DA:15,0
DA:18,0
DA:24,0
DA:25,0
DA:26,0
DA:28,0
DA:29,0
DA:30,0
DA:33,0
DA:34,0
DA:42,0
DA:43,0
DA:44,0
DA:45,0
DA:47,0
DA:48,0
LF:18
LH:0
BRDA:13,0,0,0
BRDA:13,0,1,0
BRDA:15,1,0,0
BRDA:15,1,1,0
BRDA:24,2,0,0
BRDA:24,2,1,0
BRDA:25,3,0,0
BRDA:25,3,1,0
BRDA:26,4,0,0
BRDA:26,4,1,0
BRDA:29,5,0,0
BRDA:29,5,1,0
BRDA:29,6,0,0
BRDA:29,6,1,0
BRDA:33,7,0,0
BRDA:33,7,1,0
BRF:16
BRH:0
end_of_record
TN:
SF:src/start.ts
FN:6,(anonymous_0)
FN:21,(anonymous_1)
FNF:2
FNH:0
FNDA:0,(anonymous_0)
FNDA:0,(anonymous_1)
DA:6,0
DA:7,0
DA:8,0
DA:10,0
DA:11,0
DA:13,0
DA:14,0
DA:21,0
LF:8
LH:0
BRDA:10,0,0,0
BRDA:10,0,1,0
BRDA:10,1,0,0
BRDA:10,1,1,0
BRDA:10,1,2,0
BRF:5
BRH:0
end_of_record
TN:
SF:src/components/app-sidebar.tsx
FN:49,AppSidebar
FN:54,(anonymous_1)
FN:55,(anonymous_2)
FN:57,(anonymous_3)
FN:62,(anonymous_4)
FN:64,(anonymous_5)
FNF:6
FNH:0
FNDA:0,AppSidebar
FNDA:0,(anonymous_1)
FNDA:0,(anonymous_2)
FNDA:0,(anonymous_3)
FNDA:0,(anonymous_4)
FNDA:0,(anonymous_5)
DA:34,1
DA:41,1
DA:50,0
DA:51,0
DA:52,0
DA:53,0
DA:54,0
DA:55,0
DA:57,0
DA:58,0
DA:59,0
DA:62,0
DA:64,0
DA:65,0
DA:75,0
LF:15
LH:2
BRDA:62,0,0,0
BRDA:62,0,1,0
BRDA:69,1,0,0
BRDA:69,1,1,0
BRDA:82,2,0,0
BRDA:82,2,1,0
BRDA:110,3,0,0
BRDA:110,3,1,0
BRF:8
BRH:0
end_of_record
TN:
SF:src/components/error-boundary.tsx
FN:20,getDerivedStateFromError
FN:24,componentDidCatch
FN:30,render
FNF:3
FNH:3
FNDA:10,getDerivedStateFromError
FNDA:4,componentDidCatch
FNDA:24,render
DA:18,10
DA:21,8
DA:25,4
DA:26,4
DA:31,24
DA:32,12
DA:33,12
LF:7
LH:7
BRDA:21,0,0,8
BRDA:21,0,1,0
BRDA:25,1,0,4
BRDA:25,1,1,0
BRDA:26,2,0,4
BRDA:26,2,1,0
BRDA:31,3,0,12
BRDA:31,3,1,12
BRDA:32,4,0,0
BRDA:32,4,1,12
BRDA:41,5,0,12
BRDA:41,5,1,0
BRDA:43,6,0,24
BRDA:43,6,1,12
BRF:14
BRH:9
end_of_record
TN:
SF:src/components/map-leaflet-inner.tsx
FN:7,(anonymous_0)
FN:22,MapInner
FN:37,(anonymous_2)
FNF:3
FNH:0
FNDA:0,(anonymous_0)
FNDA:0,MapInner
FNDA:0,(anonymous_2)
DA:7,0
DA:8,0
DA:9,0
DA:16,0
DA:20,0
DA:24,0
DA:26,0
DA:38,0
LF:8
LH:0
BRDA:8,0,0,0
BRDA:8,0,1,0
BRDA:24,1,0,0
BRDA:24,1,1,0
BRDA:45,2,0,0
BRDA:45,2,1,0
BRF:6
BRH:0
end_of_record
TN:
SF:src/components/map-leaflet.tsx
FN:11,(anonymous_0)
FN:13,MapLeaflet
FN:15,(anonymous_2)
FNF:3
FNH:3
FNDA:1,(anonymous_0)
FNDA:14,MapLeaflet
FNDA:6,(anonymous_2)
DA:11,2
DA:14,14
DA:15,14
DA:16,14
DA:17,6
DA:19,8
LF:6
LH:6
BRDA:16,0,0,6
BRDA:16,0,1,8
BRF:2
BRH:2
end_of_record
TN:
SF:src/components/nova-corrida-dialog.tsx
FN:15,NovaCorridaDialog
FN:30,(anonymous_1)
FN:32,(anonymous_2)
FN:38,(anonymous_3)
FN:43,(anonymous_4)
FN:48,(anonymous_5)
FN:53,(anonymous_6)
FN:54,(anonymous_7)
FN:58,(anonymous_8)
FN:99,(anonymous_9)
FN:110,(anonymous_10)
FN:114,(anonymous_11)
FN:120,(anonymous_12)
FN:125,(anonymous_13)
FN:131,(anonymous_14)
FN:138,(anonymous_15)
FN:144,(anonymous_16)
FN:159,(anonymous_17)
FN:169,(anonymous_18)
FNF:19
FNH:6
FNDA:10,NovaCorridaDialog
FNDA:3,(anonymous_1)
FNDA:1,(anonymous_2)
FNDA:1,(anonymous_3)
FNDA:0,(anonymous_4)
FNDA:0,(anonymous_5)
FNDA:0,(anonymous_6)
FNDA:0,(anonymous_7)
FNDA:0,(anonymous_8)
FNDA:0,(anonymous_9)
FNDA:1,(anonymous_10)
FNDA:0,(anonymous_11)
FNDA:1,(anonymous_12)
FNDA:0,(anonymous_13)
FNDA:0,(anonymous_14)
FNDA:0,(anonymous_15)
FNDA:0,(anonymous_16)
FNDA:0,(anonymous_17)
FNDA:0,(anonymous_18)
DA:16,10
DA:17,10
DA:18,10
DA:19,10
DA:21,10
DA:22,10
DA:23,10
DA:24,10
DA:25,10
DA:26,10
DA:27,10
DA:28,10
DA:30,10
DA:31,3
DA:32,1
DA:33,1
DA:34,1
DA:35,1
DA:38,1
DA:39,1
DA:43,10
DA:44,10
DA:45,10
DA:46,10
DA:48,10
DA:49,0
DA:50,0
DA:53,10
DA:54,0
DA:55,0
DA:58,10
DA:59,0
DA:60,0
DA:61,0
DA:73,0
DA:74,0
DA:75,0
DA:76,0
DA:77,0
DA:78,0
DA:81,10
DA:100,0
DA:110,1
DA:114,0
DA:120,1
DA:125,0
DA:131,0
DA:138,0
DA:144,0
DA:159,0
DA:169,0
LF:51
LH:30
BRDA:31,0,0,2
BRDA:31,0,1,1
BRDA:33,1,0,1
BRDA:33,1,1,0
BRDA:35,2,0,0
BRDA:35,2,1,1
BRDA:35,3,0,1
BRDA:35,3,1,0
BRDA:39,4,0,1
BRDA:39,4,1,0
BRDA:44,5,0,10
BRDA:44,5,1,10
BRDA:45,6,0,0
BRDA:45,6,1,10
BRDA:46,7,0,0
BRDA:46,7,1,10
BRDA:55,8,0,0
BRDA:55,8,1,0
BRDA:55,9,0,0
BRDA:55,9,1,0
BRDA:59,10,0,0
BRDA:59,10,1,0
BRDA:62,11,0,0
BRDA:62,11,1,0
BRDA:63,12,0,0
BRDA:63,12,1,0
BRDA:65,13,0,0
BRDA:65,13,1,0
BRDA:66,14,0,0
BRDA:66,14,1,0
BRDA:69,15,0,0
BRDA:69,15,1,0
BRDA:74,16,0,0
BRDA:74,16,1,0
BRDA:93,17,0,10
BRDA:93,17,1,0
BRDA:100,18,0,0
BRDA:100,18,1,0
BRDA:170,19,0,0
BRDA:170,19,1,10
BRF:40
BRH:12
end_of_record
TN:
SF:src/components/ui/accordion.tsx
FN:12,(anonymous_0)
FN:20,(anonymous_1)
FN:40,(anonymous_2)
FNF:3
FNH:0
FNDA:0,(anonymous_0)
FNDA:0,(anonymous_1)
FNDA:0,(anonymous_2)
DA:7,0
DA:9,0
DA:13,0
DA:15,0
DA:17,0
DA:21,0
DA:35,0
DA:37,0
DA:41,0
DA:49,0
LF:10
LH:0
BRF:0
BRH:0
end_of_record
TN:
SF:src/components/ui/alert-dialog.tsx
FN:16,(anonymous_0)
FN:31,(anonymous_1)
FN:46,(anonymous_2)
FN:51,(anonymous_3)
FN:62,(anonymous_4)
FN:74,(anonymous_5)
FN:86,(anonymous_6)
FN:94,(anonymous_7)
FNF:8
FNH:0
FNDA:0,(anonymous_0)
FNDA:0,(anonymous_1)
FNDA:0,(anonymous_2)
FNDA:0,(anonymous_3)
FNDA:0,(anonymous_4)
FNDA:0,(anonymous_5)
FNDA:0,(anonymous_6)
FNDA:0,(anonymous_7)
DA:7,0
DA:9,0
DA:11,0
DA:13,0
DA:17,0
DA:26,0
DA:28,0
DA:32,0
DA:44,0
DA:46,0
DA:47,0
DA:49,0
DA:51,0
DA:52,0
DA:57,0
DA:59,0
DA:63,0
DA:69,0
DA:71,0
DA:75,0
DA:81,0
DA:83,0
DA:87,0
DA:89,0
DA:91,0
DA:95,0
DA:101,0
LF:27
LH:0
BRF:0
BRH:0
end_of_record
TN:
SF:src/components/ui/alert.tsx
FN:25,(anonymous_0)
FN:31,(anonymous_1)
FN:44,(anonymous_2)
FNF:3
FNH:0
FNDA:0,(anonymous_0)
FNDA:0,(anonymous_1)
FNDA:0,(anonymous_2)
DA:6,0
DA:22,0
DA:26,0
DA:28,0
DA:30,0
DA:32,0
DA:39,0
DA:41,0
DA:45,0
DA:47,0
LF:10
LH:0
BRF:0
BRH:0
end_of_record
TN:
SF:src/components/ui/aspect-ratio.tsx
FNF:0
FNH:0
DA:3,0
LF:1
LH:0
BRF:0
BRH:0
end_of_record
TN:
SF:src/components/ui/avatar.tsx
FN:11,(anonymous_0)
FN:23,(anonymous_1)
FN:35,(anonymous_2)
FNF:3
FNH:0
FNDA:0,(anonymous_0)
FNDA:0,(anonymous_1)
FNDA:0,(anonymous_2)
DA:8,0
DA:12,0
DA:18,0
DA:20,0
DA:24,0
DA:30,0
DA:32,0
DA:36,0
DA:45,0
LF:9
LH:0
BRF:0
BRH:0
end_of_record
TN:
SF:src/components/ui/badge.tsx
FN:28,Badge
FNF:1
FNH:1
FNDA:48,Badge
DA:6,4
DA:29,48
LF:2
LH:2
BRF:0
BRH:0
end_of_record
TN:
SF:src/components/ui/breadcrumb.tsx
FN:12,(anonymous_0)
FN:16,(anonymous_1)
FN:30,(anonymous_2)
FN:41,(anonymous_3)
FN:55,(anonymous_4)
FN:68,(anonymous_5)
FN:80,(anonymous_6)
FNF:7
FNH:0
FNDA:0,(anonymous_0)
FNDA:0,(anonymous_1)
FNDA:0,(anonymous_2)
FNDA:0,(anonymous_3)
FNDA:0,(anonymous_4)
FNDA:0,(anonymous_5)
FNDA:0,(anonymous_6)
DA:7,0
DA:12,0
DA:13,0
DA:15,0
DA:17,0
DA:27,0
DA:29,0
DA:31,0
DA:34,0
DA:36,0
DA:42,0
DA:44,0
DA:52,0
DA:54,0
DA:56,0
DA:66,0
DA:68,0
DA:69,0
DA:78,0
DA:80,0
DA:81,0
DA:91,0
LF:22
LH:0
BRDA:42,0,0,0
BRDA:42,0,1,0
BRDA:75,1,0,0
BRDA:75,1,1,0
BRF:4
BRH:0
end_of_record
TN:
SF:src/components/ui/button.tsx
FN:40,(anonymous_0)
FNF:1
FNH:1
FNDA:18,(anonymous_0)
DA:7,5
DA:39,5
DA:41,18
DA:42,18
DA:47,5
LF:5
LH:5
BRDA:40,0,0,18
BRDA:41,1,0,0
BRDA:41,1,1,18
BRF:3
BRH:2
end_of_record
TN:
SF:src/components/ui/calendar.tsx
FN:10,Calendar
FN:35,(anonymous_1)
FN:108,(anonymous_2)
FN:111,(anonymous_3)
FN:123,(anonymous_4)
FN:139,CalendarDayButton
FN:148,(anonymous_6)
FNF:7
FNH:0
FNDA:0,Calendar
FNDA:0,(anonymous_1)
FNDA:0,(anonymous_2)
FNDA:0,(anonymous_3)
FNDA:0,(anonymous_4)
FNDA:0,CalendarDayButton
FNDA:0,(anonymous_6)
DA:22,0
DA:24,0
DA:35,0
DA:109,0
DA:112,0
DA:113,0
DA:116,0
DA:117,0
DA:120,0
DA:124,0
DA:145,0
DA:147,0
DA:148,0
DA:149,0
DA:152,0
LF:15
LH:0
BRDA:13,0,0,0
BRDA:14,1,0,0
BRDA:15,2,0,0
BRDA:71,3,0,0
BRDA:71,3,1,0
BRDA:112,4,0,0
BRDA:112,4,1,0
BRDA:116,5,0,0
BRDA:116,5,1,0
BRDA:149,6,0,0
BRDA:149,6,1,0
BRDA:159,7,0,0
BRDA:159,7,1,0
BRDA:159,7,2,0
BRDA:159,7,3,0
BRF:15
BRH:0
end_of_record
TN:
SF:src/components/ui/card.tsx
FN:6,(anonymous_0)
FN:17,(anonymous_1)
FN:24,(anonymous_2)
FN:35,(anonymous_3)
FN:42,(anonymous_4)
FN:49,(anonymous_5)
FNF:6
FNH:1
FNDA:66,(anonymous_0)
FNDA:0,(anonymous_1)
FNDA:0,(anonymous_2)
FNDA:0,(anonymous_3)
FNDA:0,(anonymous_4)
FNDA:0,(anonymous_5)
DA:5,5
DA:7,66
DA:14,5
DA:16,5
DA:18,0
DA:21,5
DA:23,5
DA:25,0
DA:32,5
DA:34,5
DA:36,0
DA:39,5
DA:41,5
DA:43,0
DA:46,5
DA:48,5
DA:50,0
DA:53,5
LF:18
LH:13
BRF:0
BRH:0
end_of_record
TN:
SF:src/components/ui/carousel.tsx
FN:31,useCarousel
FN:44,(anonymous_1)
FN:55,(anonymous_2)
FN:64,(anonymous_3)
FN:68,(anonymous_4)
FN:73,(anonymous_5)
FN:85,(anonymous_6)
FN:93,(anonymous_7)
FN:102,(anonymous_8)
FN:136,(anonymous_9)
FN:157,(anonymous_10)
FN:178,(anonymous_11)
FN:206,(anonymous_12)
FNF:13
FNH:0
FNDA:0,useCarousel
FNDA:0,(anonymous_1)
FNDA:0,(anonymous_2)
FNDA:0,(anonymous_3)
FNDA:0,(anonymous_4)
FNDA:0,(anonymous_5)
FNDA:0,(anonymous_6)
FNDA:0,(anonymous_7)
FNDA:0,(anonymous_8)
FNDA:0,(anonymous_9)
FNDA:0,(anonymous_10)
FNDA:0,(anonymous_11)
FNDA:0,(anonymous_12)
DA:29,0
DA:32,0
DA:34,0
DA:35,0
DA:38,0
DA:41,0
DA:45,0
DA:52,0
DA:53,0
DA:55,0
DA:56,0
DA:57,0
DA:60,0
DA:61,0
DA:64,0
DA:65,0
DA:68,0
DA:69,0
DA:72,0
DA:74,0
DA:75,0
DA:76,0
DA:77,0
DA:78,0
DA:79,0
DA:85,0
DA:86,0
DA:87,0
DA:90,0
DA:93,0
DA:94,0
DA:95,0
DA:98,0
DA:99,0
DA:100,0
DA:102,0
DA:103,0
DA:107,0
DA:133,0
DA:135,0
DA:137,0
DA:139,0
DA:154,0
DA:156,0
DA:158,0
DA:160,0
DA:175,0
DA:177,0
DA:179,0
DA:181,0
DA:203,0
DA:205,0
DA:207,0
DA:209,0
DA:231,0
LF:55
LH:0
BRDA:34,0,0,0
BRDA:34,0,1,0
BRDA:44,1,0,0
BRDA:48,2,0,0
BRDA:48,2,1,0
BRDA:56,3,0,0
BRDA:56,3,1,0
BRDA:74,4,0,0
BRDA:74,4,1,0
BRDA:77,5,0,0
BRDA:77,5,1,0
BRDA:86,6,0,0
BRDA:86,6,1,0
BRDA:86,7,0,0
BRDA:86,7,1,0
BRDA:94,8,0,0
BRDA:94,8,1,0
BRDA:113,9,0,0
BRDA:113,9,1,0
BRDA:113,10,0,0
BRDA:113,10,1,0
BRDA:145,11,0,0
BRDA:145,11,1,0
BRDA:167,12,0,0
BRDA:167,12,1,0
BRDA:178,13,0,0
BRDA:178,14,0,0
BRDA:188,15,0,0
BRDA:188,15,1,0
BRDA:206,16,0,0
BRDA:206,17,0,0
BRDA:216,18,0,0
BRDA:216,18,1,0
BRF:33
BRH:0
end_of_record
TN:
SF:src/components/ui/chart.tsx
FN:25,useChart
FN:41,(anonymous_1)
FN:64,(anonymous_2)
FN:65,(anonymous_3)
FN:76,(anonymous_4)
FN:79,(anonymous_5)
FN:106,(anonymous_6)
FN:126,(anonymous_7)
FN:169,(anonymous_8)
FN:170,(anonymous_9)
FN:250,(anonymous_10)
FN:267,(anonymous_11)
FN:268,(anonymous_12)
FN:299,getPayloadConfigFromPayload
FNF:14
FNH:0
FNDA:0,useChart
FNDA:0,(anonymous_1)
FNDA:0,(anonymous_2)
FNDA:0,(anonymous_3)
FNDA:0,(anonymous_4)
FNDA:0,(anonymous_5)
FNDA:0,(anonymous_6)
FNDA:0,(anonymous_7)
FNDA:0,(anonymous_8)
FNDA:0,(anonymous_9)
FNDA:0,(anonymous_10)
FNDA:0,(anonymous_11)
FNDA:0,(anonymous_12)
FNDA:0,getPayloadConfigFromPayload
DA:7,0
DA:23,0
DA:26,0
DA:28,0
DA:29,0
DA:32,0
DA:35,0
DA:42,0
DA:43,0
DA:45,0
DA:62,0
DA:64,0
DA:65,0
DA:67,0
DA:68,0
DA:71,0
DA:76,0
DA:80,0
DA:81,0
DA:93,0
DA:95,0
DA:124,0
DA:126,0
DA:127,0
DA:128,0
DA:131,0
DA:132,0
DA:133,0
DA:135,0
DA:139,0
DA:140,0
DA:145,0
DA:146,0
DA:149,0
DA:152,0
DA:153,0
DA:156,0
DA:158,0
DA:169,0
DA:171,0
DA:172,0
DA:173,0
DA:175,0
DA:239,0
DA:241,0
DA:243,0
DA:251,0
DA:253,0
DA:254,0
DA:257,0
DA:267,0
DA:269,0
DA:270,0
DA:272,0
DA:296,0
DA:300,0
DA:301,0
DA:305,0
DA:309,0
DA:311,0
DA:312,0
DA:313,0
DA:318,0
DA:321,0
LF:64
LH:0
BRDA:28,0,0,0
BRDA:28,0,1,0
BRDA:43,1,0,0
BRDA:43,1,1,0
BRDA:65,2,0,0
BRDA:65,2,1,0
BRDA:67,3,0,0
BRDA:67,3,1,0
BRDA:80,4,0,0
BRDA:80,4,1,0
BRDA:81,5,0,0
BRDA:81,5,1,0
BRDA:111,6,0,0
BRDA:112,7,0,0
BRDA:113,8,0,0
BRDA:127,9,0,0
BRDA:127,9,1,0
BRDA:127,10,0,0
BRDA:127,10,1,0
BRDA:132,11,0,0
BRDA:132,11,1,0
BRDA:132,11,2,0
BRDA:132,11,3,0
BRDA:135,12,0,0
BRDA:135,12,1,0
BRDA:135,13,0,0
BRDA:135,13,1,0
BRDA:136,14,0,0
BRDA:136,14,1,0
BRDA:139,15,0,0
BRDA:139,15,1,0
BRDA:145,16,0,0
BRDA:145,16,1,0
BRDA:152,17,0,0
BRDA:152,17,1,0
BRDA:152,18,0,0
BRDA:152,18,1,0
BRDA:156,19,0,0
BRDA:156,19,1,0
BRDA:166,20,0,0
BRDA:166,20,1,0
BRDA:171,21,0,0
BRDA:171,21,1,0
BRDA:171,21,2,0
BRDA:171,21,3,0
BRDA:173,22,0,0
BRDA:173,22,1,0
BRDA:173,22,2,0
BRDA:180,23,0,0
BRDA:180,23,1,0
BRDA:183,24,0,0
BRDA:183,24,1,0
BRDA:183,25,0,0
BRDA:183,25,1,0
BRDA:183,25,2,0
BRDA:187,26,0,0
BRDA:187,26,1,0
BRDA:190,27,0,0
BRDA:190,27,1,0
BRDA:199,28,0,0
BRDA:199,28,1,0
BRDA:214,29,0,0
BRDA:214,29,1,0
BRDA:218,30,0,0
BRDA:218,30,1,0
BRDA:220,31,0,0
BRDA:220,31,1,0
BRDA:223,32,0,0
BRDA:223,32,1,0
BRDA:250,33,0,0
BRDA:250,34,0,0
BRDA:253,35,0,0
BRDA:253,35,1,0
BRDA:262,36,0,0
BRDA:262,36,1,0
BRDA:269,37,0,0
BRDA:269,37,1,0
BRDA:269,37,2,0
BRDA:279,38,0,0
BRDA:279,38,1,0
BRDA:279,39,0,0
BRDA:279,39,1,0
BRDA:300,40,0,0
BRDA:300,40,1,0
BRDA:300,41,0,0
BRDA:300,41,1,0
BRDA:305,42,0,0
BRDA:305,42,1,0
BRDA:305,43,0,0
BRDA:305,43,1,0
BRDA:305,43,2,0
BRDA:311,44,0,0
BRDA:311,44,1,0
BRDA:311,45,0,0
BRDA:311,45,1,0
BRDA:313,46,0,0
BRDA:313,46,1,0
BRDA:314,47,0,0
BRDA:314,47,1,0
BRDA:314,47,2,0
BRDA:321,48,0,0
BRDA:321,48,1,0
BRF:102
BRH:0
end_of_record
TN:
SF:src/components/ui/checkbox.tsx
FN:10,(anonymous_0)
FNF:1
FNH:0
FNDA:0,(anonymous_0)
DA:7,0
DA:11,0
DA:24,0
LF:3
LH:0
BRF:0
BRH:0
end_of_record
TN:
SF:src/components/ui/collapsible.tsx
FNF:0
FNH:0
DA:5,0
DA:7,0
DA:9,0
LF:3
LH:0
BRF:0
BRH:0
end_of_record
TN:
SF:src/components/ui/command.tsx
FN:14,(anonymous_0)
FN:26,(anonymous_1)
FN:41,(anonymous_2)
FN:60,(anonymous_3)
FN:73,(anonymous_4)
FN:82,(anonymous_5)
FN:98,(anonymous_6)
FN:110,(anonymous_7)
FN:123,(anonymous_8)
FNF:9
FNH:0
FNDA:0,(anonymous_0)
FNDA:0,(anonymous_1)
FNDA:0,(anonymous_2)
FNDA:0,(anonymous_3)
FNDA:0,(anonymous_4)
FNDA:0,(anonymous_5)
FNDA:0,(anonymous_6)
FNDA:0,(anonymous_7)
FNDA:0,(anonymous_8)
DA:11,0
DA:15,0
DA:24,0
DA:26,0
DA:27,0
DA:38,0
DA:42,0
DA:55,0
DA:57,0
DA:61,0
DA:68,0
DA:70,0
DA:74,0
DA:77,0
DA:79,0
DA:83,0
DA:93,0
DA:95,0
DA:99,0
DA:105,0
DA:107,0
DA:111,0
DA:121,0
DA:123,0
DA:124,0
DA:131,0
LF:26
LH:0
BRF:0
BRH:0
end_of_record
TN:
SF:src/components/ui/context-menu.tsx
FN:24,(anonymous_0)
FN:43,(anonymous_1)
FN:58,(anonymous_2)
FN:77,(anonymous_3)
FN:93,(anonymous_4)
FN:116,(anonymous_5)
FN:140,(anonymous_6)
FN:152,(anonymous_7)
FN:161,(anonymous_8)
FNF:9
FNH:0
FNDA:0,(anonymous_0)
FNDA:0,(anonymous_1)
FNDA:0,(anonymous_2)
FNDA:0,(anonymous_3)
FNDA:0,(anonymous_4)
FNDA:0,(anonymous_5)
FNDA:0,(anonymous_6)
FNDA:0,(anonymous_7)
FNDA:0,(anonymous_8)
DA:7,0
DA:9,0
DA:11,0
DA:13,0
DA:15,0
DA:17,0
DA:19,0
DA:25,0
DA:38,0
DA:40,0
DA:44,0
DA:53,0
DA:55,0
DA:59,0
DA:70,0
DA:72,0
DA:78,0
DA:88,0
DA:90,0
DA:94,0
DA:111,0
DA:113,0
DA:117,0
DA:133,0
DA:135,0
DA:141,0
DA:147,0
DA:149,0
DA:153,0
DA:159,0
DA:161,0
DA:162,0
DA:169,0
LF:33
LH:0
BRDA:29,0,0,0
BRDA:29,0,1,0
BRDA:82,1,0,0
BRDA:82,1,1,0
BRDA:143,2,0,0
BRDA:143,2,1,0
BRF:6
BRH:0
end_of_record
TN:
SF:src/components/ui/dialog.tsx
FN:20,(anonymous_0)
FN:35,(anonymous_1)
FN:56,(anonymous_2)
FN:61,(anonymous_3)
FN:72,(anonymous_4)
FN:84,(anonymous_5)
FNF:6
FNH:6
FNDA:5,(anonymous_0)
FNDA:10,(anonymous_1)
FNDA:4,(anonymous_2)
FNDA:4,(anonymous_3)
FNDA:4,(anonymous_4)
FNDA:4,(anonymous_5)
DA:9,2
DA:11,2
DA:13,2
DA:15,2
DA:17,2
DA:21,5
DA:30,2
DA:32,2
DA:36,10
DA:54,2
DA:56,2
DA:57,4
DA:59,2
DA:61,2
DA:62,4
DA:67,2
DA:69,2
DA:73,4
DA:79,2
DA:81,2
DA:85,4
DA:91,2
LF:22
LH:22
BRF:0
BRH:0
end_of_record
TN:
SF:src/components/ui/drawer.tsx
FN:6,(anonymous_0)
FN:23,(anonymous_1)
FN:35,(anonymous_2)
FN:53,(anonymous_3)
FN:58,(anonymous_4)
FN:66,(anonymous_5)
FN:78,(anonymous_6)
FNF:7
FNH:0
FNDA:0,(anonymous_0)
FNDA:0,(anonymous_1)
FNDA:0,(anonymous_2)
FNDA:0,(anonymous_3)
FNDA:0,(anonymous_4)
FNDA:0,(anonymous_5)
FNDA:0,(anonymous_6)
DA:6,0
DA:10,0
DA:12,0
DA:14,0
DA:16,0
DA:18,0
DA:20,0
DA:24,0
DA:30,0
DA:32,0
DA:36,0
DA:51,0
DA:53,0
DA:54,0
DA:56,0
DA:58,0
DA:59,0
DA:61,0
DA:63,0
DA:67,0
DA:73,0
DA:75,0
DA:79,0
DA:85,0
LF:24
LH:0
BRDA:7,0,0,0
BRF:1
BRH:0
end_of_record
TN:
SF:src/components/ui/dropdown-menu.tsx
FN:26,(anonymous_0)
FN:45,(anonymous_1)
FN:60,(anonymous_2)
FN:81,(anonymous_3)
FN:97,(anonymous_4)
FN:120,(anonymous_5)
FN:144,(anonymous_6)
FN:156,(anonymous_7)
FN:165,(anonymous_8)
FNF:9
FNH:0
FNDA:0,(anonymous_0)
FNDA:0,(anonymous_1)
FNDA:0,(anonymous_2)
FNDA:0,(anonymous_3)
FNDA:0,(anonymous_4)
FNDA:0,(anonymous_5)
FNDA:0,(anonymous_6)
FNDA:0,(anonymous_7)
FNDA:0,(anonymous_8)
DA:9,0
DA:11,0
DA:13,0
DA:15,0
DA:17,0
DA:19,0
DA:21,0
DA:27,0
DA:40,0
DA:42,0
DA:46,0
DA:55,0
DA:57,0
DA:61,0
DA:74,0
DA:76,0
DA:82,0
DA:92,0
DA:94,0
DA:98,0
DA:115,0
DA:117,0
DA:121,0
DA:137,0
DA:139,0
DA:145,0
DA:151,0
DA:153,0
DA:157,0
DA:163,0
DA:165,0
DA:166,0
DA:170,0
LF:33
LH:0
BRDA:31,0,0,0
BRDA:31,0,1,0
BRDA:60,1,0,0
BRDA:86,2,0,0
BRDA:86,2,1,0
BRDA:147,3,0,0
BRDA:147,3,1,0
BRF:7
BRH:0
end_of_record
TN:
SF:src/components/ui/form.tsx
FN:27,(anonymous_0)
FN:40,(anonymous_1)
FN:74,(anonymous_2)
FN:89,(anonymous_3)
FN:106,(anonymous_4)
FN:124,(anonymous_5)
FN:141,(anonymous_6)
FNF:7
FNH:0
FNDA:0,(anonymous_0)
FNDA:0,(anonymous_1)
FNDA:0,(anonymous_2)
FNDA:0,(anonymous_3)
FNDA:0,(anonymous_4)
FNDA:0,(anonymous_5)
FNDA:0,(anonymous_6)
DA:16,0
DA:25,0
DA:27,0
DA:33,0
DA:40,0
DA:41,0
DA:42,0
DA:43,0
DA:45,0
DA:46,0
DA:49,0
DA:50,0
DA:53,0
DA:55,0
DA:57,0
DA:71,0
DA:73,0
DA:75,0
DA:77,0
DA:84,0
DA:86,0
DA:90,0
DA:92,0
DA:101,0
DA:103,0
DA:107,0
DA:109,0
DA:119,0
DA:121,0
DA:125,0
DA:127,0
DA:136,0
DA:138,0
DA:142,0
DA:143,0
DA:145,0
DA:146,0
DA:149,0
DA:160,0
LF:39
LH:0
BRDA:45,0,0,0
BRDA:45,0,1,0
BRDA:49,1,0,0
BRDA:49,1,1,0
BRDA:95,2,0,0
BRDA:95,2,1,0
BRDA:113,3,0,0
BRDA:113,3,1,0
BRDA:143,4,0,0
BRDA:143,4,1,0
BRDA:143,5,0,0
BRDA:143,5,1,0
BRDA:145,6,0,0
BRDA:145,6,1,0
BRF:14
BRH:0
end_of_record
TN:
SF:src/components/ui/hover-card.tsx
FN:13,(anonymous_0)
FNF:1
FNH:0
FNDA:0,(anonymous_0)
DA:6,0
DA:8,0
DA:10,0
DA:14,0
DA:25,0
LF:5
LH:0
BRDA:13,0,0,0
BRDA:13,1,0,0
BRF:2
BRH:0
end_of_record
TN:
SF:src/components/ui/input-otp.tsx
FN:10,(anonymous_0)
FN:26,(anonymous_1)
FN:34,(anonymous_2)
FN:62,(anonymous_3)
FNF:4
FNH:0
FNDA:0,(anonymous_0)
FNDA:0,(anonymous_1)
FNDA:0,(anonymous_2)
FNDA:0,(anonymous_3)
DA:7,0
DA:11,0
DA:21,0
DA:23,0
DA:27,0
DA:29,0
DA:31,0
DA:35,0
DA:36,0
DA:38,0
DA:57,0
DA:59,0
DA:63,0
DA:67,0
LF:14
LH:0
BRDA:43,0,0,0
BRDA:43,0,1,0
BRDA:49,1,0,0
BRDA:49,1,1,0
BRF:4
BRH:0
end_of_record
TN:
SF:src/components/ui/input.tsx
FN:6,(anonymous_0)
FNF:1
FNH:1
FNDA:20,(anonymous_0)
DA:5,3
DA:7,20
DA:20,3
LF:3
LH:3
BRF:0
BRH:0
end_of_record
TN:
SF:src/components/ui/label.tsx
FN:16,(anonymous_0)
FNF:1
FNH:1
FNDA:32,(anonymous_0)
DA:9,3
DA:13,3
DA:17,32
DA:19,3
LF:4
LH:4
BRF:0
BRH:0
end_of_record
TN:
SF:src/components/ui/menubar.tsx
FN:7,MenubarMenu
FN:11,MenubarGroup
FN:15,MenubarPortal
FN:19,MenubarRadioGroup
FN:23,MenubarSub
FN:30,(anonymous_5)
FN:45,(anonymous_6)
FN:62,(anonymous_7)
FN:81,(anonymous_8)
FN:96,(anonymous_9)
FN:118,(anonymous_10)
FN:134,(anonymous_11)
FN:157,(anonymous_12)
FN:181,(anonymous_13)
FN:193,(anonymous_14)
FN:202,(anonymous_15)
FNF:16
FNH:0
FNDA:0,MenubarMenu
FNDA:0,MenubarGroup
FNDA:0,MenubarPortal
FNDA:0,MenubarRadioGroup
FNDA:0,MenubarSub
FNDA:0,(anonymous_5)
FNDA:0,(anonymous_6)
FNDA:0,(anonymous_7)
FNDA:0,(anonymous_8)
FNDA:0,(anonymous_9)
FNDA:0,(anonymous_10)
FNDA:0,(anonymous_11)
FNDA:0,(anonymous_12)
FNDA:0,(anonymous_13)
FNDA:0,(anonymous_14)
FNDA:0,(anonymous_15)
DA:8,0
DA:12,0
DA:16,0
DA:20,0
DA:24,0
DA:27,0
DA:31,0
DA:40,0
DA:42,0
DA:46,0
DA:55,0
DA:57,0
DA:63,0
DA:76,0
DA:78,0
DA:82,0
DA:91,0
DA:93,0
DA:97,0
DA:111,0
DA:113,0
DA:119,0
DA:129,0
DA:131,0
DA:135,0
DA:152,0
DA:154,0
DA:158,0
DA:174,0
DA:176,0
DA:182,0
DA:188,0
DA:190,0
DA:194,0
DA:200,0
DA:202,0
DA:203,0
DA:210,0
LF:38
LH:0
BRDA:67,0,0,0
BRDA:67,0,1,0
BRDA:96,1,0,0
BRDA:96,2,0,0
BRDA:96,3,0,0
BRDA:123,4,0,0
BRDA:123,4,1,0
BRDA:184,5,0,0
BRDA:184,5,1,0
BRF:9
BRH:0
end_of_record
TN:
SF:src/components/ui/navigation-menu.tsx
FN:11,(anonymous_0)
FN:26,(anonymous_1)
FN:44,(anonymous_2)
FN:62,(anonymous_3)
FN:79,(anonymous_4)
FN:96,(anonymous_5)
FNF:6
FNH:0
FNDA:0,(anonymous_0)
FNDA:0,(anonymous_1)
FNDA:0,(anonymous_2)
FNDA:0,(anonymous_3)
FNDA:0,(anonymous_4)
FNDA:0,(anonymous_5)
DA:8,0
DA:12,0
DA:21,0
DA:23,0
DA:27,0
DA:33,0
DA:35,0
DA:37,0
DA:41,0
DA:45,0
DA:57,0
DA:59,0
DA:63,0
DA:72,0
DA:74,0
DA:76,0
DA:80,0
DA:91,0
DA:93,0
DA:97,0
DA:108,0
LF:21
LH:0
BRF:0
BRH:0
end_of_record
TN:
SF:src/components/ui/pagination.tsx
FN:7,(anonymous_0)
FN:18,(anonymous_1)
FN:25,(anonymous_2)
FN:34,(anonymous_3)
FN:49,(anonymous_4)
FN:65,(anonymous_5)
FN:78,(anonymous_6)
FNF:7
FNH:0
FNDA:0,(anonymous_0)
FNDA:0,(anonymous_1)
FNDA:0,(anonymous_2)
FNDA:0,(anonymous_3)
FNDA:0,(anonymous_4)
FNDA:0,(anonymous_5)
FNDA:0,(anonymous_6)
DA:7,0
DA:8,0
DA:15,0
DA:17,0
DA:19,0
DA:22,0
DA:24,0
DA:25,0
DA:27,0
DA:34,0
DA:35,0
DA:47,0
DA:49,0
DA:53,0
DA:63,0
DA:65,0
DA:66,0
DA:76,0
DA:78,0
DA:79,0
DA:88,0
LF:21
LH:0
BRDA:34,0,0,0
BRDA:36,1,0,0
BRDA:36,1,1,0
BRDA:39,2,0,0
BRDA:39,2,1,0
BRF:5
BRH:0
end_of_record
TN:
SF:src/components/ui/popover.tsx
FN:15,(anonymous_0)
FNF:1
FNH:0
FNDA:0,(anonymous_0)
DA:6,0
DA:8,0
DA:10,0
DA:12,0
DA:16,0
DA:29,0
LF:6
LH:0
BRDA:15,0,0,0
BRDA:15,1,0,0
BRF:2
BRH:0
end_of_record
TN:
SF:src/components/ui/progress.tsx
FN:11,(anonymous_0)
FNF:1
FNH:0
FNDA:0,(anonymous_0)
DA:8,0
DA:12,0
DA:23,0
LF:3
LH:0
BRDA:19,0,0,0
BRDA:19,0,1,0
BRF:2
BRH:0
end_of_record
TN:
SF:src/components/ui/radio-group.tsx
FN:10,(anonymous_0)
FN:18,(anonymous_1)
FNF:2
FNH:0
FNDA:0,(anonymous_0)
FNDA:0,(anonymous_1)
DA:7,0
DA:11,0
DA:13,0
DA:15,0
DA:19,0
DA:34,0
LF:6
LH:0
BRF:0
BRH:0
end_of_record
TN:
SF:src/components/ui/resizable.tsx
FN:6,(anonymous_0)
FN:15,(anonymous_1)
FNF:2
FNH:0
FNDA:0,(anonymous_0)
FNDA:0,(anonymous_1)
DA:6,0
DA:7,0
DA:13,0
DA:15,0
DA:22,0
LF:5
LH:0
BRDA:29,0,0,0
BRDA:29,0,1,0
BRF:2
BRH:0
end_of_record
TN:
SF:src/components/ui/scroll-area.tsx
FN:9,(anonymous_0)
FN:27,(anonymous_1)
FNF:2
FNH:0
FNDA:0,(anonymous_0)
FNDA:0,(anonymous_1)
DA:6,0
DA:10,0
DA:22,0
DA:24,0
DA:28,0
DA:42,0
LF:6
LH:0
BRDA:27,0,0,0
BRDA:33,1,0,0
BRDA:33,1,1,0
BRDA:34,2,0,0
BRDA:34,2,1,0
BRF:5
BRH:0
end_of_record
TN:
SF:src/components/ui/select.tsx
FN:18,(anonymous_0)
FN:38,(anonymous_1)
FN:52,(anonymous_2)
FN:66,(anonymous_3)
FN:98,(anonymous_4)
FN:110,(anonymous_5)
FN:132,(anonymous_6)
FNF:7
FNH:5
FNDA:8,(anonymous_0)
FNDA:8,(anonymous_1)
FNDA:8,(anonymous_2)
FNDA:8,(anonymous_3)
FNDA:0,(anonymous_4)
FNDA:20,(anonymous_5)
FNDA:0,(anonymous_6)
DA:9,4
DA:11,4
DA:13,4
DA:15,4
DA:19,8
DA:33,4
DA:35,4
DA:39,8
DA:47,4
DA:49,4
DA:53,8
DA:61,4
DA:63,4
DA:67,8
DA:93,4
DA:95,4
DA:99,0
DA:105,4
DA:107,4
DA:111,20
DA:127,4
DA:129,4
DA:133,0
DA:139,4
LF:24
LH:22
BRDA:66,0,0,8
BRDA:72,1,0,8
BRDA:72,1,1,8
BRDA:83,2,0,8
BRDA:83,2,1,8
BRF:5
BRH:5
end_of_record
TN:
SF:src/components/ui/separator.tsx
FN:9,(anonymous_0)
FNF:1
FNH:0
FNDA:0,(anonymous_0)
DA:6,1
DA:10,0
DA:22,1
LF:3
LH:2
BRDA:9,0,0,0
BRDA:9,1,0,0
BRDA:16,2,0,0
BRDA:16,2,1,0
BRF:4
BRH:0
end_of_record
TN:
SF:src/components/ui/sheet.tsx
FN:21,(anonymous_0)
FN:60,(anonymous_1)
FN:74,(anonymous_2)
FN:79,(anonymous_3)
FN:90,(anonymous_4)
FN:102,(anonymous_5)
FNF:6
FNH:0
FNDA:0,(anonymous_0)
FNDA:0,(anonymous_1)
FNDA:0,(anonymous_2)
FNDA:0,(anonymous_3)
FNDA:0,(anonymous_4)
FNDA:0,(anonymous_5)
DA:10,1
DA:12,1
DA:14,1
DA:16,1
DA:18,1
DA:22,0
DA:31,1
DA:33,1
DA:57,1
DA:61,0
DA:72,1
DA:74,1
DA:75,0
DA:77,1
DA:79,1
DA:80,0
DA:85,1
DA:87,1
DA:91,0
DA:97,1
DA:99,1
DA:103,0
DA:109,1
LF:23
LH:17
BRDA:60,0,0,0
BRF:1
BRH:0
end_of_record
TN:
SF:src/components/ui/sidebar.tsx
FN:40,useSidebar
FN:57,(anonymous_1)
FN:77,(anonymous_2)
FN:92,(anonymous_3)
FN:93,(anonymous_4)
FN:93,(anonymous_5)
FN:97,(anonymous_6)
FN:98,(anonymous_7)
FN:106,(anonymous_8)
FN:114,(anonymous_9)
FN:161,(anonymous_10)
FN:263,(anonymous_11)
FN:273,(anonymous_12)
FN:287,(anonymous_13)
FN:315,(anonymous_14)
FN:334,(anonymous_15)
FN:350,(anonymous_16)
FN:364,(anonymous_17)
FN:380,(anonymous_18)
FN:393,(anonymous_19)
FN:410,(anonymous_20)
FN:426,(anonymous_21)
FN:447,(anonymous_22)
FN:468,(anonymous_23)
FN:480,(anonymous_24)
FN:492,(anonymous_25)
FN:533,(anonymous_26)
FN:590,(anonymous_27)
FN:616,(anonymous_28)
FN:640,(anonymous_29)
FN:642,(anonymous_30)
FN:669,(anonymous_31)
FN:685,(anonymous_32)
FN:696,(anonymous_33)
FNF:34
FNH:0
FNDA:0,useSidebar
FNDA:0,(anonymous_1)
FNDA:0,(anonymous_2)
FNDA:0,(anonymous_3)
FNDA:0,(anonymous_4)
FNDA:0,(anonymous_5)
FNDA:0,(anonymous_6)
FNDA:0,(anonymous_7)
FNDA:0,(anonymous_8)
FNDA:0,(anonymous_9)
FNDA:0,(anonymous_10)
FNDA:0,(anonymous_11)
FNDA:0,(anonymous_12)
FNDA:0,(anonymous_13)
FNDA:0,(anonymous_14)
FNDA:0,(anonymous_15)
FNDA:0,(anonymous_16)
FNDA:0,(anonymous_17)
FNDA:0,(anonymous_18)
FNDA:0,(anonymous_19)
FNDA:0,(anonymous_20)
FNDA:0,(anonymous_21)
FNDA:0,(anonymous_22)
FNDA:0,(anonymous_23)
FNDA:0,(anonymous_24)
FNDA:0,(anonymous_25)
FNDA:0,(anonymous_26)
FNDA:0,(anonymous_27)
FNDA:0,(anonymous_28)
FNDA:0,(anonymous_29)
FNDA:0,(anonymous_30)
FNDA:0,(anonymous_31)
FNDA:0,(anonymous_32)
FNDA:0,(anonymous_33)
DA:21,1
DA:22,1
DA:23,1
DA:24,1
DA:25,1
DA:26,1
DA:38,1
DA:41,0
DA:42,0
DA:43,0
DA:46,0
DA:49,1
DA:69,0
DA:70,0
DA:74,0
DA:75,0
DA:76,0
DA:78,0
DA:79,0
DA:80,0
DA:82,0
DA:86,0
DA:92,0
DA:93,0
DA:97,0
DA:98,0
DA:99,0
DA:100,0
DA:101,0
DA:105,0
DA:106,0
DA:111,0
DA:113,0
DA:114,0
DA:126,0
DA:151,1
DA:153,1
DA:172,0
DA:174,0
DA:175,0
DA:189,0
DA:190,0
DA:213,0
DA:258,1
DA:260,1
DA:264,0
DA:266,0
DA:274,0
DA:275,0
DA:284,1
DA:286,1
DA:288,0
DA:290,0
DA:312,1
DA:314,1
DA:316,0
DA:329,1
DA:331,1
DA:335,0
DA:347,1
DA:349,1
DA:351,0
DA:361,1
DA:363,1
DA:365,0
DA:375,1
DA:377,1
DA:381,0
DA:390,1
DA:392,1
DA:394,0
DA:407,1
DA:409,1
DA:411,0
DA:421,1
DA:423,1
DA:427,0
DA:429,0
DA:442,1
DA:444,1
DA:448,0
DA:450,0
DA:465,1
DA:467,1
DA:469,0
DA:477,1
DA:479,1
DA:481,0
DA:489,1
DA:491,1
DA:493,0
DA:501,1
DA:503,1
DA:525,1
DA:545,0
DA:546,0
DA:549,0
DA:559,0
DA:560,0
DA:563,0
DA:564,0
DA:569,0
DA:582,1
DA:584,1
DA:591,0
DA:593,0
DA:613,1
DA:615,1
DA:617,0
DA:633,1
DA:635,1
DA:642,0
DA:643,0
DA:646,0
DA:666,1
DA:668,1
DA:670,0
DA:682,1
DA:684,1
DA:685,0
DA:687,1
DA:689,1
DA:697,0
DA:699,0
DA:717,1
LF:125
LH:54
BRDA:42,0,0,0
BRDA:42,0,1,0
BRDA:59,1,0,0
BRDA:75,2,0,0
BRDA:75,2,1,0
BRDA:78,3,0,0
BRDA:78,3,1,0
BRDA:79,4,0,0
BRDA:79,4,1,0
BRDA:93,5,0,0
BRDA:93,5,1,0
BRDA:99,6,0,0
BRDA:99,6,1,0
BRDA:99,7,0,0
BRDA:99,7,1,0
BRDA:99,7,2,0
BRDA:111,8,0,0
BRDA:111,8,1,0
BRDA:163,9,0,0
BRDA:164,10,0,0
BRDA:165,11,0,0
BRDA:174,12,0,0
BRDA:174,12,1,0
BRDA:189,13,0,0
BRDA:189,13,1,0
BRDA:218,14,0,0
BRDA:218,14,1,0
BRDA:228,15,0,0
BRDA:228,15,1,0
BRDA:228,16,0,0
BRDA:228,16,1,0
BRDA:236,17,0,0
BRDA:236,17,1,0
BRDA:240,18,0,0
BRDA:240,18,1,0
BRDA:240,19,0,0
BRDA:240,19,1,0
BRDA:426,20,0,0
BRDA:427,21,0,0
BRDA:427,21,1,0
BRDA:447,22,0,0
BRDA:448,23,0,0
BRDA:448,23,1,0
BRDA:535,24,0,0
BRDA:536,25,0,0
BRDA:537,26,0,0
BRDA:538,27,0,0
BRDA:545,28,0,0
BRDA:545,28,1,0
BRDA:559,29,0,0
BRDA:559,29,1,0
BRDA:563,30,0,0
BRDA:563,30,1,0
BRDA:575,31,0,0
BRDA:575,31,1,0
BRDA:590,32,0,0
BRDA:590,33,0,0
BRDA:591,34,0,0
BRDA:591,34,1,0
BRDA:605,35,0,0
BRDA:605,35,1,0
BRDA:640,36,0,0
BRDA:653,37,0,0
BRDA:653,37,1,0
BRDA:696,38,0,0
BRDA:696,39,0,0
BRDA:697,40,0,0
BRDA:697,40,1,0
BRDA:708,41,0,0
BRDA:708,41,1,0
BRDA:709,42,0,0
BRDA:709,42,1,0
BRF:72
BRH:0
end_of_record
TN:
SF:src/components/ui/skeleton.tsx
FN:3,Skeleton
FNF:1
FNH:0
FNDA:0,Skeleton
DA:4,0
LF:1
LH:0
BRF:0
BRH:0
end_of_record
TN:
SF:src/components/ui/slider.tsx
FN:9,(anonymous_0)
FNF:1
FNH:0
FNDA:0,(anonymous_0)
DA:6,0
DA:10,0
DA:21,0
LF:3
LH:0
BRF:0
BRH:0
end_of_record
TN:
SF:src/components/ui/sonner.tsx
FN:5,(anonymous_0)
FNF:1
FNH:0
FNDA:0,(anonymous_0)
DA:5,0
DA:6,0
LF:2
LH:0
BRF:0
BRH:0
end_of_record
TN:
SF:src/components/ui/switch.tsx
FN:9,(anonymous_0)
FNF:1
FNH:0
FNDA:0,(anonymous_0)
DA:6,0
DA:10,0
DA:25,0
LF:3
LH:0
BRF:0
BRH:0
end_of_record
TN:
SF:src/components/ui/table.tsx
FN:6,(anonymous_0)
FN:17,(anonymous_1)
FN:25,(anonymous_2)
FN:33,(anonymous_3)
FN:43,(anonymous_4)
FN:59,(anonymous_5)
FN:74,(anonymous_6)
FN:89,(anonymous_7)
FNF:8
FNH:0
FNDA:0,(anonymous_0)
FNDA:0,(anonymous_1)
FNDA:0,(anonymous_2)
FNDA:0,(anonymous_3)
FNDA:0,(anonymous_4)
FNDA:0,(anonymous_5)
FNDA:0,(anonymous_6)
FNDA:0,(anonymous_7)
DA:5,0
DA:7,0
DA:12,0
DA:14,0
DA:18,0
DA:20,0
DA:22,0
DA:26,0
DA:28,0
DA:30,0
DA:34,0
DA:40,0
DA:42,0
DA:44,0
DA:54,0
DA:56,0
DA:60,0
DA:69,0
DA:71,0
DA:75,0
DA:84,0
DA:86,0
DA:90,0
DA:92,0
LF:24
LH:0
BRF:0
BRH:0
end_of_record
TN:
SF:src/components/ui/tabs.tsx
FN:11,(anonymous_0)
FN:26,(anonymous_1)
FN:41,(anonymous_2)
FNF:3
FNH:0
FNDA:0,(anonymous_0)
FNDA:0,(anonymous_1)
FNDA:0,(anonymous_2)
DA:6,0
DA:8,0
DA:12,0
DA:21,0
DA:23,0
DA:27,0
DA:36,0
DA:38,0
DA:42,0
DA:51,0
LF:10
LH:0
BRF:0
BRH:0
end_of_record
TN:
SF:src/components/ui/textarea.tsx
FN:6,(anonymous_0)
FNF:1
FNH:1
FNDA:4,(anonymous_0)
DA:5,2
DA:7,4
DA:19,2
LF:3
LH:3
BRF:0
BRH:0
end_of_record
TN:
SF:src/components/ui/toggle-group.tsx
FN:19,(anonymous_0)
FN:35,(anonymous_1)
FNF:2
FNH:0
FNDA:0,(anonymous_0)
FNDA:0,(anonymous_1)
DA:10,0
DA:15,0
DA:20,0
DA:29,0
DA:31,0
DA:36,0
DA:38,0
DA:55,0
LF:8
LH:0
BRDA:43,0,0,0
BRDA:43,0,1,0
BRDA:44,1,0,0
BRDA:44,1,1,0
BRF:4
BRH:0
end_of_record
TN:
SF:src/components/ui/toggle.tsx
FN:32,(anonymous_0)
FNF:1
FNH:0
FNDA:0,(anonymous_0)
DA:7,0
DA:29,0
DA:33,0
DA:40,0
LF:4
LH:0
BRF:0
BRH:0
end_of_record
TN:
SF:src/components/ui/tooltip.tsx
FN:17,(anonymous_0)
FNF:1
FNH:0
FNDA:0,(anonymous_0)
DA:8,1
DA:10,1
DA:12,1
DA:14,1
DA:18,0
DA:30,1
LF:6
LH:5
BRDA:17,0,0,0
BRF:1
BRH:0
end_of_record
TN:
SF:src/hooks/use-mobile.tsx
FN:5,useIsMobile
FN:8,(anonymous_1)
FN:10,(anonymous_2)
FN:15,(anonymous_3)
FNF:4
FNH:0
FNDA:0,useIsMobile
FNDA:0,(anonymous_1)
FNDA:0,(anonymous_2)
FNDA:0,(anonymous_3)
DA:3,1
DA:6,0
DA:8,0
DA:9,0
DA:10,0
DA:11,0
DA:13,0
DA:14,0
DA:15,0
DA:18,0
LF:10
LH:1
BRF:0
BRH:0
end_of_record
TN:
SF:src/hooks/use-role.tsx
FN:6,useRole
FN:10,(anonymous_1)
FN:12,(anonymous_2)
FN:31,(anonymous_3)
FNF:4
FNH:0
FNDA:0,useRole
FNDA:0,(anonymous_1)
FNDA:0,(anonymous_2)
FNDA:0,(anonymous_3)
DA:7,0
DA:8,0
DA:10,0
DA:11,0
DA:12,0
DA:13,0
DA:14,0
DA:15,0
DA:16,0
DA:17,0
DA:19,0
DA:26,0
DA:27,0
DA:28,0
DA:30,0
DA:31,0
DA:34,0
LF:17
LH:0
BRDA:15,0,0,0
BRDA:15,0,1,0
BRDA:16,1,0,0
BRDA:16,1,1,0
BRDA:26,2,0,0
BRDA:26,2,1,0
BRDA:27,3,0,0
BRDA:27,3,1,0
BRF:8
BRH:0
end_of_record
TN:
SF:src/lib/auth-redirect.ts
FN:38,makeRedirect
FN:49,decideDashboardAuth
FN:54,decideDashboardAuthError
FN:65,withSessionTimeout
FN:69,(anonymous_4)
FN:70,(anonymous_5)
FN:74,(anonymous_6)
FN:78,(anonymous_7)
FNF:8
FNH:8
FNDA:8,makeRedirect
FNDA:6,decideDashboardAuth
FNDA:5,decideDashboardAuthError
FNDA:5,withSessionTimeout
FNDA:5,(anonymous_4)
FNDA:2,(anonymous_5)
FNDA:1,(anonymous_6)
FNDA:2,(anonymous_7)
DA:26,2
DA:34,2
DA:35,2
DA:36,2
DA:39,8
DA:50,6
DA:51,3
DA:55,5
DA:56,5
DA:57,5
DA:69,5
DA:70,5
DA:71,2
DA:73,5
DA:75,1
DA:76,1
DA:79,2
DA:80,2
LF:18
LH:18
BRDA:50,0,0,3
BRDA:50,0,1,3
BRDA:51,1,0,3
BRDA:51,1,1,1
BRDA:55,2,0,4
BRDA:55,2,1,1
BRDA:56,3,0,2
BRDA:56,3,1,3
BRDA:67,4,0,5
BRF:9
BRH:9
end_of_record
TN:
SF:src/lib/config.server.ts
FN:19,getServerConfig
FNF:1
FNH:0
FNDA:0,getServerConfig
DA:20,0
LF:1
LH:0
BRF:0
BRH:0
end_of_record
TN:
SF:src/lib/error-capture.ts
FN:7,record
FN:12,(anonymous_1)
FN:13,(anonymous_2)
FN:18,consumeLastCapturedError
FNF:4
FNH:0
FNDA:0,record
FNDA:0,(anonymous_1)
FNDA:0,(anonymous_2)
FNDA:0,consumeLastCapturedError
DA:5,0
DA:8,0
DA:11,0
DA:12,0
DA:13,0
DA:14,0
DA:19,0
DA:20,0
DA:21,0
DA:22,0
DA:24,0
DA:25,0
DA:26,0
LF:13
LH:0
BRDA:11,0,0,0
BRDA:11,0,1,0
BRDA:12,1,0,0
BRDA:12,1,1,0
BRDA:19,2,0,0
BRDA:19,2,1,0
BRDA:20,3,0,0
BRDA:20,3,1,0
BRF:8
BRH:0
end_of_record
TN:
SF:src/lib/error-page.ts
FN:1,renderErrorPage
FNF:1
FNH:0
FNDA:0,renderErrorPage
DA:2,0
LF:1
LH:0
BRF:0
BRH:0
end_of_record
TN:
SF:src/lib/lovable-error-reporting.ts
FN:21,reportLovableError
FNF:1
FNH:0
FNDA:0,reportLovableError
DA:22,0
DA:23,0
LF:2
LH:0
BRDA:21,0,0,0
BRDA:22,1,0,0
BRDA:22,1,1,0
BRF:3
BRH:0
end_of_record
TN:
SF:src/lib/utils.ts
FN:4,cn
FNF:1
FNH:1
FNDA:277,cn
DA:5,277
LF:1
LH:1
BRF:0
BRH:0
end_of_record
TN:
SF:src/lib/api/example.functions.ts
FN:16,(anonymous_0)
FNF:1
FNH:0
FNDA:0,(anonymous_0)
DA:14,0
DA:17,0
DA:18,0
LF:3
LH:0
BRDA:20,0,0,0
BRDA:20,0,1,0
BRF:2
BRH:0
end_of_record
TN:
SF:src/routes/__root.tsx
FN:15,NotFoundComponent
FN:37,ErrorComponent
FN:40,(anonymous_2)
FN:55,(anonymous_3)
FN:76,(anonymous_4)
FN:102,RootShell
FN:116,RootComponent
FNF:7
FNH:0
FNDA:0,NotFoundComponent
FNDA:0,ErrorComponent
FNDA:0,(anonymous_2)
FNDA:0,(anonymous_3)
FNDA:0,(anonymous_4)
FNDA:0,RootShell
FNDA:0,RootComponent
DA:16,0
DA:38,0
DA:39,0
DA:40,0
DA:41,0
DA:44,0
DA:56,0
DA:57,0
DA:75,1
DA:76,0
DA:103,0
DA:117,0
DA:119,0
LF:13
LH:1
BRF:0
BRH:0
end_of_record
TN:
SF:src/routes/_authenticated.tsx
FN:21,AuthenticatedLayout
FN:28,(anonymous_1)
FN:30,(anonymous_2)
FN:31,(anonymous_3)
FN:37,(anonymous_4)
FN:51,(anonymous_5)
FN:55,(anonymous_6)
FNF:7
FNH:0
FNDA:0,AuthenticatedLayout
FNDA:0,(anonymous_1)
FNDA:0,(anonymous_2)
FNDA:0,(anonymous_3)
FNDA:0,(anonymous_4)
FNDA:0,(anonymous_5)
FNDA:0,(anonymous_6)
DA:14,1
DA:22,0
DA:23,0
DA:24,0
DA:25,0
DA:26,0
DA:28,0
DA:30,0
DA:31,0
DA:32,0
DA:33,0
DA:34,0
DA:35,0
DA:36,0
DA:37,0
DA:38,0
DA:44,0
DA:46,0
DA:47,0
DA:50,0
DA:52,0
DA:53,0
DA:55,0
DA:58,0
DA:59,0
DA:61,0
DA:68,0
DA:71,0
DA:87,0
LF:29
LH:1
BRDA:32,0,0,0
BRDA:32,0,1,0
BRDA:52,1,0,0
BRDA:52,1,1,0
BRDA:58,2,0,0
BRDA:58,2,1,0
BRDA:61,3,0,0
BRDA:61,3,1,0
BRDA:63,4,0,0
BRDA:63,4,1,0
BRDA:65,5,0,0
BRDA:65,5,1,0
BRDA:68,6,0,0
BRDA:68,6,1,0
BRDA:73,7,0,0
BRDA:73,7,1,0
BRDA:74,8,0,0
BRDA:74,8,1,0
BRDA:81,9,0,0
BRDA:81,9,1,0
BRF:20
BRH:0
end_of_record
TN:
SF:src/routes/index.tsx
FN:4,(anonymous_0)
FNF:1
FNH:0
FNDA:0,(anonymous_0)
DA:3,1
DA:5,0
LF:2
LH:1
BRF:0
BRH:0
end_of_record
TN:
SF:src/routes/login.tsx
FN:21,(anonymous_0)
FN:27,LoginPage
FN:35,(anonymous_2)
FN:36,(anonymous_3)
FN:39,(anonymous_4)
FN:42,(anonymous_5)
FN:46,(anonymous_6)
FN:93,(anonymous_7)
FN:97,(anonymous_8)
FN:105,(anonymous_9)
FNF:10
FNH:0
FNDA:0,(anonymous_0)
FNDA:0,LoginPage
FNDA:0,(anonymous_2)
FNDA:0,(anonymous_3)
FNDA:0,(anonymous_4)
FNDA:0,(anonymous_5)
FNDA:0,(anonymous_6)
FNDA:0,(anonymous_7)
FNDA:0,(anonymous_8)
FNDA:0,(anonymous_9)
DA:12,2
DA:20,2
DA:21,0
DA:28,0
DA:29,0
DA:30,0
DA:31,0
DA:32,0
DA:33,0
DA:35,0
DA:36,0
DA:37,0
DA:39,0
DA:40,0
DA:42,0
DA:46,0
DA:47,0
DA:48,0
DA:49,0
DA:50,0
DA:51,0
DA:52,0
DA:54,0
DA:59,0
DA:60,0
DA:63,0
DA:64,0
DA:66,0
DA:70,0
DA:93,0
DA:97,0
DA:105,0
LF:32
LH:2
BRDA:37,0,0,0
BRDA:37,0,1,0
BRDA:40,1,0,0
BRDA:40,1,1,0
BRDA:50,2,0,0
BRDA:50,2,1,0
BRDA:52,3,0,0
BRDA:52,3,1,0
BRDA:59,4,0,0
BRDA:59,4,1,0
BRDA:63,5,0,0
BRDA:63,5,1,0
BRDA:80,6,0,0
BRDA:80,6,1,0
BRDA:82,7,0,0
BRDA:82,7,1,0
BRDA:83,8,0,0
BRDA:83,8,1,0
BRDA:84,9,0,0
BRDA:84,9,1,0
BRDA:85,10,0,0
BRDA:85,10,1,0
BRDA:100,11,0,0
BRDA:100,11,1,0
BRDA:100,12,0,0
BRDA:100,12,1,0
BRDA:105,13,0,0
BRDA:105,13,1,0
BRDA:107,14,0,0
BRDA:107,14,1,0
BRF:30
BRH:0
end_of_record
TN:
SF:src/routes/_authenticated/clientes.tsx
FN:7,(anonymous_0)
FN:11,ClientesPage
FNF:2
FNH:0
FNDA:0,(anonymous_0)
FNDA:0,ClientesPage
DA:5,1
DA:7,0
DA:12,0
LF:3
LH:1
BRF:0
BRH:0
end_of_record
TN:
SF:src/routes/_authenticated/configuracoes.tsx
FN:7,(anonymous_0)
FN:11,ConfiguraesPage
FNF:2
FNH:0
FNDA:0,(anonymous_0)
FNDA:0,ConfiguraesPage
DA:5,1
DA:7,0
DA:12,0
LF:3
LH:1
BRF:0
BRH:0
end_of_record
TN:
SF:src/routes/_authenticated/corridas.tsx
FN:7,(anonymous_0)
FN:11,CorridasPage
FNF:2
FNH:0
FNDA:0,(anonymous_0)
FNDA:0,CorridasPage
DA:5,1
DA:7,0
DA:12,0
LF:3
LH:1
BRF:0
BRH:0
end_of_record
TN:
SF:src/routes/_authenticated/dashboard.tsx
FN:16,(anonymous_0)
FN:28,DashboardPage
FN:33,(anonymous_2)
FN:44,(anonymous_3)
FN:52,(anonymous_4)
FN:55,(anonymous_5)
FN:55,(anonymous_6)
FN:56,(anonymous_7)
FN:56,(anonymous_8)
FN:57,(anonymous_9)
FN:57,(anonymous_10)
FN:58,(anonymous_11)
FN:60,(anonymous_12)
FN:63,(anonymous_13)
FN:67,(anonymous_14)
FN:72,(anonymous_15)
FN:75,(anonymous_16)
FN:76,(anonymous_17)
FN:84,(anonymous_18)
FN:91,(anonymous_19)
FN:96,(anonymous_20)
FN:138,(anonymous_21)
FN:141,(anonymous_22)
FN:142,(anonymous_23)
FN:143,(anonymous_24)
FN:163,(anonymous_25)
FN:184,(anonymous_26)
FN:199,CorridaAtivaCard
FN:226,(anonymous_28)
FN:229,(anonymous_29)
FN:229,(anonymous_30)
FNF:31
FNH:9
FNDA:0,(anonymous_0)
FNDA:18,DashboardPage
FNDA:6,(anonymous_2)
FNDA:6,(anonymous_3)
FNDA:6,(anonymous_4)
FNDA:16,(anonymous_5)
FNDA:0,(anonymous_6)
FNDA:16,(anonymous_7)
FNDA:0,(anonymous_8)
FNDA:16,(anonymous_9)
FNDA:0,(anonymous_10)
FNDA:16,(anonymous_11)
FNDA:0,(anonymous_12)
FNDA:16,(anonymous_13)
FNDA:0,(anonymous_14)
FNDA:0,(anonymous_15)
FNDA:0,(anonymous_16)
FNDA:0,(anonymous_17)
FNDA:0,(anonymous_18)
FNDA:0,(anonymous_19)
FNDA:0,(anonymous_20)
FNDA:0,(anonymous_21)
FNDA:0,(anonymous_22)
FNDA:0,(anonymous_23)
FNDA:0,(anonymous_24)
FNDA:0,(anonymous_25)
FNDA:0,(anonymous_26)
FNDA:0,CorridaAtivaCard
FNDA:0,(anonymous_28)
FNDA:0,(anonymous_29)
FNDA:0,(anonymous_30)
DA:14,4
DA:16,0
DA:29,18
DA:30,18
DA:31,18
DA:33,18
DA:34,6
DA:39,6
DA:40,6
DA:41,6
DA:44,18
DA:45,6
DA:46,6
DA:52,6
DA:55,18
DA:56,18
DA:57,18
DA:58,18
DA:59,16
DA:60,16
DA:63,18
DA:64,16
DA:65,16
DA:66,16
DA:68,0
DA:69,0
DA:70,0
DA:72,0
DA:75,18
DA:76,0
DA:77,0
DA:78,0
DA:81,0
DA:84,18
DA:85,0
DA:88,0
DA:91,18
DA:92,0
DA:93,0
DA:96,18
DA:97,0
DA:98,0
DA:99,0
DA:100,0
DA:103,18
DA:139,0
DA:141,0
DA:142,0
DA:143,0
DA:164,0
DA:185,0
DA:205,0
DA:226,0
DA:229,0
DA:230,0
LF:55
LH:28
BRDA:39,0,0,6
BRDA:39,0,1,0
BRDA:40,1,0,6
BRDA:40,1,1,0
BRDA:41,2,0,6
BRDA:41,2,1,0
BRDA:55,3,0,0
BRDA:55,3,1,0
BRDA:60,4,0,0
BRDA:60,4,1,0
BRDA:65,5,0,0
BRDA:65,5,1,0
BRDA:69,6,0,0
BRDA:69,6,1,0
BRDA:77,7,0,0
BRDA:77,7,1,0
BRDA:81,8,0,0
BRDA:81,8,1,0
BRDA:88,9,0,0
BRDA:88,9,1,0
BRDA:93,10,0,0
BRDA:93,10,1,0
BRDA:97,11,0,0
BRDA:97,11,1,0
BRDA:97,12,0,0
BRDA:97,12,1,0
BRDA:98,13,0,0
BRDA:98,13,1,0
BRDA:99,14,0,0
BRDA:99,14,1,0
BRDA:137,15,0,18
BRDA:137,15,1,16
BRDA:162,16,0,18
BRDA:162,16,1,16
BRDA:167,17,0,0
BRDA:167,17,1,0
BRDA:169,18,0,0
BRDA:169,18,1,0
BRDA:177,19,0,18
BRDA:177,19,1,0
BRDA:209,20,0,0
BRDA:209,20,1,0
BRDA:211,21,0,0
BRDA:211,21,1,0
BRDA:220,22,0,0
BRDA:220,22,1,0
BRDA:226,23,0,0
BRDA:226,23,1,0
BRDA:237,24,0,0
BRDA:237,24,1,0
BRF:50
BRH:8
end_of_record
TN:
SF:src/routes/_authenticated/financeiro.tsx
FN:7,(anonymous_0)
FN:11,FinanceiroPage
FNF:2
FNH:0
FNDA:0,(anonymous_0)
FNDA:0,FinanceiroPage
DA:5,1
DA:7,0
DA:12,0
LF:3
LH:1
BRF:0
BRH:0
end_of_record
TN:
SF:src/routes/_authenticated/historico.tsx
FN:7,(anonymous_0)
FN:11,HistricoPage
FNF:2
FNH:0
FNDA:0,(anonymous_0)
FNDA:0,HistricoPage
DA:5,1
DA:7,0
DA:12,0
LF:3
LH:1
BRF:0
BRH:0
end_of_record
TN:
SF:src/routes/_authenticated/mensagens.tsx
FN:7,(anonymous_0)
FN:11,MensagensPage
FNF:2
FNH:0
FNDA:0,(anonymous_0)
FNDA:0,MensagensPage
DA:5,1
DA:7,0
DA:12,0
LF:3
LH:1
BRF:0
BRH:0
end_of_record
TN:
SF:src/routes/_authenticated/motoristas.tsx
FN:7,(anonymous_0)
FN:11,MotoristasPage
FNF:2
FNH:0
FNDA:0,(anonymous_0)
FNDA:0,MotoristasPage
DA:5,1
DA:7,0
DA:12,0
LF:3
LH:1
BRF:0
BRH:0
end_of_record
TN:
SF:src/routes/_authenticated/tarifas.tsx
FN:7,(anonymous_0)
FN:11,TarifasPage
FNF:2
FNH:0
FNDA:0,(anonymous_0)
FNDA:0,TarifasPage
DA:5,1
DA:7,0
DA:12,0
LF:3
LH:1
BRF:0
BRH:0
end_of_record
